<?xml version="1.0" encoding="UTF-8"?>
<testsuite name="com.grants.demo.demo.DemoApplicationTests" tests="1" skipped="0" failures="0" errors="0" timestamp="2025-12-08T13:12:35.647Z" hostname="CEI3272" time="1.699">
  <properties/>
  <testcase name="contextLoads()" classname="com.grants.demo.demo.DemoApplicationTests" time="1.699"/>
  <system-out><![CDATA[18:42:31.758 [Test worker] INFO org.springframework.test.context.support.AnnotationConfigContextLoaderUtils -- Could not detect default configuration classes for test class [com.grants.demo.demo.DemoApplicationTests]: DemoApplicationTests does not declare any static, non-private, non-final, nested classes annotated with @Configuration.
18:42:31.981 [Test worker] INFO org.springframework.boot.test.context.SpringBootTestContextBootstrapper -- Found @SpringBootConfiguration com.grants.demo.demo.DemoApplication for test class com.grants.demo.demo.DemoApplicationTests

  .   ____          _            __ _ _
 /\\ / ___'_ __ _ _(_)_ __  __ _ \ \ \ \
( ( )\___ | '_ | '_| | '_ \/ _` | \ \ \ \
 \\/  ___)| |_)| | | | | || (_| |  ) ) ) )
  '  |____| .__|_| |_|_| |_\__, | / / / /
 =========|_|==============|___/=/_/_/_/

 :: Spring Boot ::                (v4.0.0)

2025-12-08T18:42:32.850+05:30  INFO 32568 --- [demo] [    Test worker] c.grants.demo.demo.DemoApplicationTests  : Starting DemoApplicationTests using Java 21.0.8 with PID 32568 (started by gkannan in C:\Users\gkannan\Downloads\demo (1)\demo)
2025-12-08T18:42:32.854+05:30  INFO 32568 --- [demo] [    Test worker] c.grants.demo.demo.DemoApplicationTests  : No active profile set, falling back to 1 default profile: "default"
2025-12-08T18:42:35.056+05:30  WARN 32568 --- [demo] [    Test worker] .s.a.UserDetailsServiceAutoConfiguration : 

Using generated security password: 9927be02-c26b-4bc5-99b7-009f18bef0d0

This generated password is for development use only. Your security configuration must be updated before running your application in production.

2025-12-08T18:42:35.149+05:30  INFO 32568 --- [demo] [    Test worker] r$InitializeUserDetailsManagerConfigurer : Global AuthenticationManager configured with UserDetailsService bean with name inMemoryUserDetailsManager
2025-12-08T18:42:35.619+05:30  INFO 32568 --- [demo] [    Test worker] c.grants.demo.demo.DemoApplicationTests  : Started DemoApplicationTests in 3.285 seconds (process running for 6.288)
]]></system-out>
  <system-err><![CDATA[Mockito is currently self-attaching to enable the inline-mock-maker. This will no longer work in future releases of the JDK. Please add Mockito as an agent to your build as described in Mockito's documentation: https://javadoc.io/doc/org.mockito/mockito-core/latest/org.mockito/org/mockito/Mockito.html#0.3
WARNING: A Java agent has been loaded dynamically (C:\Users\gkannan\.gradle\caches\modules-2\files-2.1\net.bytebuddy\byte-buddy-agent\1.17.8\f09415827a71be7ed621c7bd02550678f28bc81c\byte-buddy-agent-1.17.8.jar)
WARNING: If a serviceability tool is in use, please run with -XX:+EnableDynamicAgentLoading to hide this warning
WARNING: If a serviceability tool is not in use, please run with -Djdk.instrument.traceUsage for more information
WARNING: Dynamic loading of agents will be disallowed by default in a future release
]]></system-err>
</testsuite>
